# JRE version: OpenJDK Runtime Environment Temurin-21.0.6+7 (21.0.6+7) (build 21.0.6+7-LTS)
# Java VM: OpenJDK 64-Bit Server VM Temurin-21.0.6+7 (21.0.6+7-LTS, mixed mode, sharing, tiered, compressed oops, compressed class ptrs, parallel gc, bsd-amd64)
GC Precious Log:
 CardTable entry size: 512
 CPUs: 4 total, 4 available
 Memory: 8192M
 Large Page Support: Disabled
 NUMA Support: Disabled
 Compressed Oops: Enabled (Zero based)
 Alignments: Space 512K, Generation 512K, Heap 2M
 Heap Min Capacity: 100M
 Heap Initial Capacity: 100M
 Heap Max Capacity: 1G
 Pre-touch: Disabled
 Parallel Workers: 4
Heap:
 PSYoungGen      total 12288K, used 10656K [0x00000007eab00000, 0x00000007eb880000, 0x0000000800000000)
  eden space 10752K, 88% used [0x00000007eab00000,0x00000007eb43e9e0,0x00000007eb580000)
  from space 1536K, 77% used [0x00000007eb580000,0x00000007eb6a96c0,0x00000007eb700000)
  to   space 1536K, 0% used [0x00000007eb700000,0x00000007eb700000,0x00000007eb880000)
 ParOldGen       total 295424K, used 184870K [0x00000007c0000000, 0x00000007d2080000, 0x00000007eab00000)
  object space 295424K, 62% used [0x00000007c0000000,0x00000007cb489950,0x00000007d2080000)
 Metaspace       used 86154K, committed 87680K, reserved 1179648K
  class space    used 8597K, committed 9280K, reserved 1048576K
GC Heap History (20 events):
Event: 448.614 GC heap before
{Heap before GC invocations=598 (full 4):
 PSYoungGen      total 11776K, used 11648K [0x00000007eab00000, 0x00000007eb880000, 0x0000000800000000)
  eden space 11264K, 100% used [0x00000007eab00000,0x00000007eb600000,0x00000007eb600000)
  from space 512K, 75% used [0x00000007eb780000,0x00000007eb7e0000,0x00000007eb800000)
  to   space 512K, 0% used [0x00000007eb800000,0x00000007eb800000,0x00000007eb880000)
 ParOldGen       total 295424K, used 180732K [0x00000007c0000000, 0x00000007d2080000, 0x00000007eab00000)
  object space 295424K, 61% used [0x00000007c0000000,0x00000007cb07f150,0x00000007d2080000)
 Metaspace       used 84437K, committed 85952K, reserved 1179648K
  class space    used 8395K, committed 9088K, reserved 1048576K
}
Event: 448.632 GC heap after
{Heap after GC invocations=598 (full 4):
 PSYoungGen      total 11776K, used 512K [0x00000007eab00000, 0x00000007eb880000, 0x0000000800000000)
  eden space 11264K, 0% used [0x00000007eab00000,0x00000007eab00000,0x00000007eb600000)
  from space 512K, 100% used [0x00000007eb800000,0x00000007eb880000,0x00000007eb880000)
  to   space 1024K, 0% used [0x00000007eb680000,0x00000007eb680000,0x00000007eb780000)
 ParOldGen       total 295424K, used 180948K [0x00000007c0000000, 0x00000007d2080000, 0x00000007eab00000)
  object space 295424K, 61% used [0x00000007c0000000,0x00000007cb0b5150,0x00000007d2080000)
 Metaspace       used 84437K, committed 85952K, reserved 1179648K
  class space    used 8395K, committed 9088K, reserved 1048576K
}
Event: 448.674 GC heap before
{Heap before GC invocations=599 (full 4):
 PSYoungGen      total 11776K, used 11776K [0x00000007eab00000, 0x00000007eb880000, 0x0000000800000000)
  eden space 11264K, 100% used [0x00000007eab00000,0x00000007eb600000,0x00000007eb600000)
  from space 512K, 100% used [0x00000007eb800000,0x00000007eb880000,0x00000007eb880000)
  to   space 1024K, 0% used [0x00000007eb680000,0x00000007eb680000,0x00000007eb780000)
 ParOldGen       total 295424K, used 180948K [0x00000007c0000000, 0x00000007d2080000, 0x00000007eab00000)
  object space 295424K, 61% used [0x00000007c0000000,0x00000007cb0b5150,0x00000007d2080000)
 Metaspace       used 84440K, committed 85952K, reserved 1179648K
  class space    used 8395K, committed 9088K, reserved 1048576K
}
Event: 448.687 GC heap after
{Heap after GC invocations=599 (full 4):
 PSYoungGen      total 12288K, used 256K [0x00000007eab00000, 0x00000007eb880000, 0x0000000800000000)
  eden space 11264K, 0% used [0x00000007eab00000,0x00000007eab00000,0x00000007eb600000)
  from space 1024K, 25% used [0x00000007eb680000,0x00000007eb6c0000,0x00000007eb780000)
  to   space 512K, 0% used [0x00000007eb800000,0x00000007eb800000,0x00000007eb880000)
 ParOldGen       total 295424K, used 181268K [0x00000007c0000000, 0x00000007d2080000, 0x00000007eab00000)
  object space 295424K, 61% used [0x00000007c0000000,0x00000007cb105150,0x00000007d2080000)
 Metaspace       used 84440K, committed 85952K, reserved 1179648K
  class space    used 8395K, committed 9088K, reserved 1048576K
}
Event: 448.760 GC heap before
{Heap before GC invocations=600 (full 4):
 PSYoungGen      total 12288K, used 11520K [0x00000007eab00000, 0x00000007eb880000, 0x0000000800000000)
  eden space 11264K, 100% used [0x00000007eab00000,0x00000007eb600000,0x00000007eb600000)
  from space 1024K, 25% used [0x00000007eb680000,0x00000007eb6c0000,0x00000007eb780000)
  to   space 512K, 0% used [0x00000007eb800000,0x00000007eb800000,0x00000007eb880000)
 ParOldGen       total 295424K, used 181268K [0x00000007c0000000, 0x00000007d2080000, 0x00000007eab00000)
  object space 295424K, 61% used [0x00000007c0000000,0x00000007cb105150,0x00000007d2080000)
 Metaspace       used 84449K, committed 85952K, reserved 1179648K
  class space    used 8395K, committed 9088K, reserved 1048576K
}
Event: 448.764 GC heap after
{Heap after GC invocations=600 (full 4):
 PSYoungGen      total 11776K, used 288K [0x00000007eab00000, 0x00000007eb880000, 0x0000000800000000)
  eden space 11264K, 0% used [0x00000007eab00000,0x00000007eab00000,0x00000007eb600000)
  from space 512K, 56% used [0x00000007eb800000,0x00000007eb848000,0x00000007eb880000)
  to   space 512K, 0% used [0x00000007eb780000,0x00000007eb780000,0x00000007eb800000)
 ParOldGen       total 295424K, used 181428K [0x00000007c0000000, 0x00000007d2080000, 0x00000007eab00000)
  object space 295424K, 61% used [0x00000007c0000000,0x00000007cb12d150,0x00000007d2080000)
 Metaspace       used 84449K, committed 85952K, reserved 1179648K
  class space    used 8395K, committed 9088K, reserved 1048576K
}
Event: 448.825 GC heap before
{Heap before GC invocations=601 (full 4):
 PSYoungGen      total 11776K, used 11552K [0x00000007eab00000, 0x00000007eb880000, 0x0000000800000000)
  eden space 11264K, 100% used [0x00000007eab00000,0x00000007eb600000,0x00000007eb600000)
  from space 512K, 56% used [0x00000007eb800000,0x00000007eb848000,0x00000007eb880000)
  to   space 512K, 0% used [0x00000007eb780000,0x00000007eb780000,0x00000007eb800000)
 ParOldGen       total 295424K, used 181428K [0x00000007c0000000, 0x00000007d2080000, 0x00000007eab00000)
  object space 295424K, 61% used [0x00000007c0000000,0x00000007cb12d150,0x00000007d2080000)
 Metaspace       used 84451K, committed 85952K, reserved 1179648K
  class space    used 8395K, committed 9088K, reserved 1048576K
}
Event: 448.835 GC heap after
{Heap after GC invocations=601 (full 4):
 PSYoungGen      total 11776K, used 512K [0x00000007eab00000, 0x00000007eb900000, 0x0000000800000000)
  eden space 11264K, 0% used [0x00000007eab00000,0x00000007eab00000,0x00000007eb600000)
  from space 512K, 100% used [0x00000007eb780000,0x00000007eb800000,0x00000007eb800000)
  to   space 1024K, 0% used [0x00000007eb800000,0x00000007eb800000,0x00000007eb900000)
 ParOldGen       total 295424K, used 181892K [0x00000007c0000000, 0x00000007d2080000, 0x00000007eab00000)
  object space 295424K, 61% used [0x00000007c0000000,0x00000007cb1a1150,0x00000007d2080000)
 Metaspace       used 84451K, committed 85952K, reserved 1179648K
  class space    used 8395K, committed 9088K, reserved 1048576K
}
Event: 448.893 GC heap before
{Heap before GC invocations=602 (full 4):
 PSYoungGen      total 11776K, used 11776K [0x00000007eab00000, 0x00000007eb900000, 0x0000000800000000)
  eden space 11264K, 100% used [0x00000007eab00000,0x00000007eb600000,0x00000007eb600000)
  from space 512K, 100% used [0x00000007eb780000,0x00000007eb800000,0x00000007eb800000)
  to   space 1024K, 0% used [0x00000007eb800000,0x00000007eb800000,0x00000007eb900000)
 ParOldGen       total 295424K, used 181892K [0x00000007c0000000, 0x00000007d2080000, 0x00000007eab00000)
  object space 295424K, 61% used [0x00000007c0000000,0x00000007cb1a1150,0x00000007d2080000)
 Metaspace       used 84451K, committed 85952K, reserved 1179648K
  class space    used 8395K, committed 9088K, reserved 1048576K
}
Event: 448.905 GC heap after
{Heap after GC invocations=602 (full 4):
 PSYoungGen      total 11776K, used 224K [0x00000007eab00000, 0x00000007eb880000, 0x0000000800000000)
  eden space 11264K, 0% used [0x00000007eab00000,0x00000007eab00000,0x00000007eb600000)
  from space 512K, 43% used [0x00000007eb800000,0x00000007eb838000,0x00000007eb880000)
  to   space 512K, 0% used [0x00000007eb780000,0x00000007eb780000,0x00000007eb800000)
 ParOldGen       total 295424K, used 182028K [0x00000007c0000000, 0x00000007d2080000, 0x00000007eab00000)
  object space 295424K, 61% used [0x00000007c0000000,0x00000007cb1c3150,0x00000007d2080000)
 Metaspace       used 84451K, committed 85952K, reserved 1179648K
  class space    used 8395K, committed 9088K, reserved 1048576K
}
Event: 449.041 GC heap before
{Heap before GC invocations=603 (full 4):
 PSYoungGen      total 11776K, used 11488K [0x00000007eab00000, 0x00000007eb880000, 0x0000000800000000)
  eden space 11264K, 100% used [0x00000007eab00000,0x00000007eb600000,0x00000007eb600000)
  from space 512K, 43% used [0x00000007eb800000,0x00000007eb838000,0x00000007eb880000)
  to   space 512K, 0% used [0x00000007eb780000,0x00000007eb780000,0x00000007eb800000)
 ParOldGen       total 295424K, used 182028K [0x00000007c0000000, 0x00000007d2080000, 0x00000007eab00000)
  object space 295424K, 61% used [0x00000007c0000000,0x00000007cb1c3150,0x00000007d2080000)
 Metaspace       used 85028K, committed 86592K, reserved 1179648K
  class space    used 8450K, committed 9152K, reserved 1048576K
}
Event: 449.054 GC heap after
{Heap after GC invocations=603 (full 4):
 PSYoungGen      total 11776K, used 480K [0x00000007eab00000, 0x00000007eb880000, 0x0000000800000000)
  eden space 11264K, 0% used [0x00000007eab00000,0x00000007eab00000,0x00000007eb600000)
  from space 512K, 93% used [0x00000007eb780000,0x00000007eb7f8018,0x00000007eb800000)
  to   space 512K, 0% used [0x00000007eb800000,0x00000007eb800000,0x00000007eb880000)
 ParOldGen       total 295424K, used 182188K [0x00000007c0000000, 0x00000007d2080000, 0x00000007eab00000)
  object space 295424K, 61% used [0x00000007c0000000,0x00000007cb1eb150,0x00000007d2080000)
 Metaspace       used 85028K, committed 86592K, reserved 1179648K
  class space    used 8450K, committed 9152K, reserved 1048576K
}
Event: 449.170 GC heap before
{Heap before GC invocations=604 (full 4):
 PSYoungGen      total 11776K, used 11744K [0x00000007eab00000, 0x00000007eb880000, 0x0000000800000000)
  eden space 11264K, 100% used [0x00000007eab00000,0x00000007eb600000,0x00000007eb600000)
  from space 512K, 93% used [0x00000007eb780000,0x00000007eb7f8018,0x00000007eb800000)
  to   space 512K, 0% used [0x00000007eb800000,0x00000007eb800000,0x00000007eb880000)
 ParOldGen       total 295424K, used 182188K [0x00000007c0000000, 0x00000007d2080000, 0x00000007eab00000)
  object space 295424K, 61% used [0x00000007c0000000,0x00000007cb1eb150,0x00000007d2080000)
 Metaspace       used 85809K, committed 87296K, reserved 1179648K
  class space    used 8547K, committed 9216K, reserved 1048576K
}
Event: 449.178 GC heap after
{Heap after GC invocations=604 (full 4):
 PSYoungGen      total 11776K, used 416K [0x00000007eab00000, 0x00000007eb880000, 0x0000000800000000)
  eden space 11264K, 0% used [0x00000007eab00000,0x00000007eab00000,0x00000007eb600000)
  from space 512K, 81% used [0x00000007eb800000,0x00000007eb868018,0x00000007eb880000)
  to   space 512K, 0% used [0x00000007eb780000,0x00000007eb780000,0x00000007eb800000)
 ParOldGen       total 295424K, used 182540K [0x00000007c0000000, 0x00000007d2080000, 0x00000007eab00000)
  object space 295424K, 61% used [0x00000007c0000000,0x00000007cb243150,0x00000007d2080000)
 Metaspace       used 85809K, committed 87296K, reserved 1179648K
  class space    used 8547K, committed 9216K, reserved 1048576K
}
Event: 449.269 GC heap before
{Heap before GC invocations=605 (full 4):
 PSYoungGen      total 11776K, used 11680K [0x00000007eab00000, 0x00000007eb880000, 0x0000000800000000)
  eden space 11264K, 100% used [0x00000007eab00000,0x00000007eb600000,0x00000007eb600000)
  from space 512K, 81% used [0x00000007eb800000,0x00000007eb868018,0x00000007eb880000)
  to   space 512K, 0% used [0x00000007eb780000,0x00000007eb780000,0x00000007eb800000)
 ParOldGen       total 295424K, used 182540K [0x00000007c0000000, 0x00000007d2080000, 0x00000007eab00000)
  object space 295424K, 61% used [0x00000007c0000000,0x00000007cb243150,0x00000007d2080000)
 Metaspace       used 85967K, committed 87424K, reserved 1179648K
  class space    used 8569K, committed 9280K, reserved 1048576K
}
Event: 449.282 GC heap after
{Heap after GC invocations=605 (full 4):
 PSYoungGen      total 11776K, used 496K [0x00000007eab00000, 0x00000007eb880000, 0x0000000800000000)
  eden space 11264K, 0% used [0x00000007eab00000,0x00000007eab00000,0x00000007eb600000)
  from space 512K, 96% used [0x00000007eb780000,0x00000007eb7fc010,0x00000007eb800000)
  to   space 512K, 0% used [0x00000007eb800000,0x00000007eb800000,0x00000007eb880000)
 ParOldGen       total 295424K, used 182940K [0x00000007c0000000, 0x00000007d2080000, 0x00000007eab00000)
  object space 295424K, 61% used [0x00000007c0000000,0x00000007cb2a7170,0x00000007d2080000)
 Metaspace       used 85967K, committed 87424K, reserved 1179648K
  class space    used 8569K, committed 9280K, reserved 1048576K
}
Event: 449.345 GC heap before
{Heap before GC invocations=606 (full 4):
 PSYoungGen      total 11776K, used 11760K [0x00000007eab00000, 0x00000007eb880000, 0x0000000800000000)
  eden space 11264K, 100% used [0x00000007eab00000,0x00000007eb600000,0x00000007eb600000)
  from space 512K, 96% used [0x00000007eb780000,0x00000007eb7fc010,0x00000007eb800000)
  to   space 512K, 0% used [0x00000007eb800000,0x00000007eb800000,0x00000007eb880000)
 ParOldGen       total 295424K, used 182940K [0x00000007c0000000, 0x00000007d2080000, 0x00000007eab00000)
  object space 295424K, 61% used [0x00000007c0000000,0x00000007cb2a7170,0x00000007d2080000)
 Metaspace       used 86064K, committed 87616K, reserved 1179648K
  class space    used 8589K, committed 9280K, reserved 1048576K
}
Event: 449.359 GC heap after
{Heap after GC invocations=606 (full 4):
 PSYoungGen      total 11264K, used 507K [0x00000007eab00000, 0x00000007ebb00000, 0x0000000800000000)
  eden space 10752K, 0% used [0x00000007eab00000,0x00000007eab00000,0x00000007eb580000)
  from space 512K, 99% used [0x00000007eb800000,0x00000007eb87ed98,0x00000007eb880000)
  to   space 2560K, 0% used [0x00000007eb580000,0x00000007eb580000,0x00000007eb800000)
 ParOldGen       total 295424K, used 184338K [0x00000007c0000000, 0x00000007d2080000, 0x00000007eab00000)
  object space 295424K, 62% used [0x00000007c0000000,0x00000007cb404bb8,0x00000007d2080000)
 Metaspace       used 86064K, committed 87616K, reserved 1179648K
  class space    used 8589K, committed 9280K, reserved 1048576K
}
Event: 449.682 GC heap before
{Heap before GC invocations=607 (full 4):
 PSYoungGen      total 11264K, used 11259K [0x00000007eab00000, 0x00000007ebb00000, 0x0000000800000000)
  eden space 10752K, 100% used [0x00000007eab00000,0x00000007eb580000,0x00000007eb580000)
  from space 512K, 99% used [0x00000007eb800000,0x00000007eb87ed98,0x00000007eb880000)
  to   space 2560K, 0% used [0x00000007eb580000,0x00000007eb580000,0x00000007eb800000)
 ParOldGen       total 295424K, used 184338K [0x00000007c0000000, 0x00000007d2080000, 0x00000007eab00000)
  object space 295424K, 62% used [0x00000007c0000000,0x00000007cb404bb8,0x00000007d2080000)
 Metaspace       used 86139K, committed 87680K, reserved 1179648K
  class space    used 8597K, committed 9280K, reserved 1048576K
}
Event: 449.697 GC heap after
{Heap after GC invocations=607 (full 4):
 PSYoungGen      total 12288K, used 1189K [0x00000007eab00000, 0x00000007eb880000, 0x0000000800000000)
  eden space 10752K, 0% used [0x00000007eab00000,0x00000007eab00000,0x00000007eb580000)
  from space 1536K, 77% used [0x00000007eb580000,0x00000007eb6a96c0,0x00000007eb700000)
  to   space 1536K, 0% used [0x00000007eb700000,0x00000007eb700000,0x00000007eb880000)
 ParOldGen       total 295424K, used 184870K [0x00000007c0000000, 0x00000007d2080000, 0x00000007eab00000)
  object space 295424K, 62% used [0x00000007c0000000,0x00000007cb489950,0x00000007d2080000)
 Metaspace       used 86139K, committed 87680K, reserved 1179648K
  class space    used 8597K, committed 9280K, reserved 1048576K
}

