# JRE version: OpenJDK Runtime Environment Temurin-21.0.6+7 (21.0.6+7) (build 21.0.6+7-LTS)
# Java VM: OpenJDK 64-Bit Server VM Temurin-21.0.6+7 (21.0.6+7-LTS, mixed mode, sharing, tiered, compressed oops, compressed class ptrs, parallel gc, bsd-amd64)
GC Precious Log:
 CardTable entry size: 512
 CPUs: 4 total, 4 available
 Memory: 8192M
 Large Page Support: Disabled
 NUMA Support: Disabled
 Compressed Oops: Enabled (Zero based)
 Alignments: Space 512K, Generation 512K, Heap 2M
 Heap Min Capacity: 100M
 Heap Initial Capacity: 100M
 Heap Max Capacity: 1G
 Pre-touch: Disabled
 Parallel Workers: 4
Heap:
 PSYoungGen      total 20480K, used 13674K [0x00000007eab00000, 0x00000007ec100000, 0x0000000800000000)
  eden space 18432K, 64% used [0x00000007eab00000,0x00000007eb6a69c8,0x00000007ebd00000)
  from space 2048K, 85% used [0x00000007ebf00000,0x00000007ec0b4010,0x00000007ec100000)
  to   space 2048K, 0% used [0x00000007ebd00000,0x00000007ebd00000,0x00000007ebf00000)
 ParOldGen       total 68608K, used 54276K [0x00000007c0000000, 0x00000007c4300000, 0x00000007eab00000)
  object space 68608K, 79% used [0x00000007c0000000,0x00000007c35010d0,0x00000007c4300000)
 Metaspace       used 62040K, committed 63360K, reserved 1114112K
  class space    used 6627K, committed 7232K, reserved 1048576K
GC Heap History (20 events):
Event: 17.560 GC heap before
{Heap before GC invocations=38 (full 3):
 PSYoungGen      total 19968K, used 19655K [0x00000007eab00000, 0x00000007ec100000, 0x0000000800000000)
  eden space 18432K, 100% used [0x00000007eab00000,0x00000007ebd00000,0x00000007ebd00000)
  from space 1536K, 79% used [0x00000007ebf80000,0x00000007ec0b1fb8,0x00000007ec100000)
  to   space 1536K, 0% used [0x00000007ebe00000,0x00000007ebe00000,0x00000007ebf80000)
 ParOldGen       total 68608K, used 38865K [0x00000007c0000000, 0x00000007c4300000, 0x00000007eab00000)
  object space 68608K, 56% used [0x00000007c0000000,0x00000007c25f4680,0x00000007c4300000)
 Metaspace       used 60414K, committed 61696K, reserved 1114112K
  class space    used 6461K, committed 7040K, reserved 1048576K
}
Event: 17.576 GC heap after
{Heap after GC invocations=38 (full 3):
 PSYoungGen      total 19968K, used 1536K [0x00000007eab00000, 0x00000007ec300000, 0x0000000800000000)
  eden space 18432K, 0% used [0x00000007eab00000,0x00000007eab00000,0x00000007ebd00000)
  from space 1536K, 100% used [0x00000007ebe00000,0x00000007ebf80000,0x00000007ebf80000)
  to   space 3072K, 0% used [0x00000007ec000000,0x00000007ec000000,0x00000007ec300000)
 ParOldGen       total 68608K, used 40038K [0x00000007c0000000, 0x00000007c4300000, 0x00000007eab00000)
  object space 68608K, 58% used [0x00000007c0000000,0x00000007c2719898,0x00000007c4300000)
 Metaspace       used 60414K, committed 61696K, reserved 1114112K
  class space    used 6461K, committed 7040K, reserved 1048576K
}
Event: 17.689 GC heap before
{Heap before GC invocations=39 (full 3):
 PSYoungGen      total 19968K, used 19968K [0x00000007eab00000, 0x00000007ec300000, 0x0000000800000000)
  eden space 18432K, 100% used [0x00000007eab00000,0x00000007ebd00000,0x00000007ebd00000)
  from space 1536K, 100% used [0x00000007ebe00000,0x00000007ebf80000,0x00000007ebf80000)
  to   space 3072K, 0% used [0x00000007ec000000,0x00000007ec000000,0x00000007ec300000)
 ParOldGen       total 68608K, used 40038K [0x00000007c0000000, 0x00000007c4300000, 0x00000007eab00000)
  object space 68608K, 58% used [0x00000007c0000000,0x00000007c2719898,0x00000007c4300000)
 Metaspace       used 60515K, committed 61824K, reserved 1114112K
  class space    used 6472K, committed 7040K, reserved 1048576K
}
Event: 17.703 GC heap after
{Heap after GC invocations=39 (full 3):
 PSYoungGen      total 21504K, used 2560K [0x00000007eab00000, 0x00000007ec300000, 0x0000000800000000)
  eden space 18432K, 0% used [0x00000007eab00000,0x00000007eab00000,0x00000007ebd00000)
  from space 3072K, 83% used [0x00000007ec000000,0x00000007ec280000,0x00000007ec300000)
  to   space 3072K, 0% used [0x00000007ebd00000,0x00000007ebd00000,0x00000007ec000000)
 ParOldGen       total 68608K, used 41506K [0x00000007c0000000, 0x00000007c4300000, 0x00000007eab00000)
  object space 68608K, 60% used [0x00000007c0000000,0x00000007c2888948,0x00000007c4300000)
 Metaspace       used 60515K, committed 61824K, reserved 1114112K
  class space    used 6472K, committed 7040K, reserved 1048576K
}
Event: 17.795 GC heap before
{Heap before GC invocations=40 (full 3):
 PSYoungGen      total 21504K, used 20992K [0x00000007eab00000, 0x00000007ec300000, 0x0000000800000000)
  eden space 18432K, 100% used [0x00000007eab00000,0x00000007ebd00000,0x00000007ebd00000)
  from space 3072K, 83% used [0x00000007ec000000,0x00000007ec280000,0x00000007ec300000)
  to   space 3072K, 0% used [0x00000007ebd00000,0x00000007ebd00000,0x00000007ec000000)
 ParOldGen       total 68608K, used 41506K [0x00000007c0000000, 0x00000007c4300000, 0x00000007eab00000)
  object space 68608K, 60% used [0x00000007c0000000,0x00000007c2888948,0x00000007c4300000)
 Metaspace       used 60581K, committed 61888K, reserved 1114112K
  class space    used 6477K, committed 7040K, reserved 1048576K
}
Event: 17.812 GC heap after
{Heap after GC invocations=40 (full 3):
 PSYoungGen      total 20992K, used 2499K [0x00000007eab00000, 0x00000007ec200000, 0x0000000800000000)
  eden space 18432K, 0% used [0x00000007eab00000,0x00000007eab00000,0x00000007ebd00000)
  from space 2560K, 97% used [0x00000007ebd00000,0x00000007ebf70e70,0x00000007ebf80000)
  to   space 2560K, 0% used [0x00000007ebf80000,0x00000007ebf80000,0x00000007ec200000)
 ParOldGen       total 68608K, used 43890K [0x00000007c0000000, 0x00000007c4300000, 0x00000007eab00000)
  object space 68608K, 63% used [0x00000007c0000000,0x00000007c2adcb40,0x00000007c4300000)
 Metaspace       used 60581K, committed 61888K, reserved 1114112K
  class space    used 6477K, committed 7040K, reserved 1048576K
}
Event: 17.878 GC heap before
{Heap before GC invocations=41 (full 3):
 PSYoungGen      total 20992K, used 20931K [0x00000007eab00000, 0x00000007ec200000, 0x0000000800000000)
  eden space 18432K, 100% used [0x00000007eab00000,0x00000007ebd00000,0x00000007ebd00000)
  from space 2560K, 97% used [0x00000007ebd00000,0x00000007ebf70e70,0x00000007ebf80000)
  to   space 2560K, 0% used [0x00000007ebf80000,0x00000007ebf80000,0x00000007ec200000)
 ParOldGen       total 68608K, used 43890K [0x00000007c0000000, 0x00000007c4300000, 0x00000007eab00000)
  object space 68608K, 63% used [0x00000007c0000000,0x00000007c2adcb40,0x00000007c4300000)
 Metaspace       used 60732K, committed 62016K, reserved 1114112K
  class space    used 6490K, committed 7040K, reserved 1048576K
}
Event: 17.896 GC heap after
{Heap after GC invocations=41 (full 3):
 PSYoungGen      total 19968K, used 999K [0x00000007eab00000, 0x00000007ec100000, 0x0000000800000000)
  eden space 18432K, 0% used [0x00000007eab00000,0x00000007eab00000,0x00000007ebd00000)
  from space 1536K, 65% used [0x00000007ebf80000,0x00000007ec079c00,0x00000007ec100000)
  to   space 2048K, 0% used [0x00000007ebd00000,0x00000007ebd00000,0x00000007ebf00000)
 ParOldGen       total 68608K, used 46055K [0x00000007c0000000, 0x00000007c4300000, 0x00000007eab00000)
  object space 68608K, 67% used [0x00000007c0000000,0x00000007c2cf9fc8,0x00000007c4300000)
 Metaspace       used 60732K, committed 62016K, reserved 1114112K
  class space    used 6490K, committed 7040K, reserved 1048576K
}
Event: 18.010 GC heap before
{Heap before GC invocations=42 (full 3):
 PSYoungGen      total 19968K, used 19430K [0x00000007eab00000, 0x00000007ec100000, 0x0000000800000000)
  eden space 18432K, 99% used [0x00000007eab00000,0x00000007ebcffff8,0x00000007ebd00000)
  from space 1536K, 65% used [0x00000007ebf80000,0x00000007ec079c00,0x00000007ec100000)
  to   space 2048K, 0% used [0x00000007ebd00000,0x00000007ebd00000,0x00000007ebf00000)
 ParOldGen       total 68608K, used 46056K [0x00000007c0000000, 0x00000007c4300000, 0x00000007eab00000)
  object space 68608K, 67% used [0x00000007c0000000,0x00000007c2cfa018,0x00000007c4300000)
 Metaspace       used 61121K, committed 62464K, reserved 1114112K
  class space    used 6525K, committed 7104K, reserved 1048576K
}
Event: 18.019 GC heap after
{Heap after GC invocations=42 (full 3):
 PSYoungGen      total 20480K, used 1904K [0x00000007eab00000, 0x00000007ec200000, 0x0000000800000000)
  eden space 18432K, 0% used [0x00000007eab00000,0x00000007eab00000,0x00000007ebd00000)
  from space 2048K, 92% used [0x00000007ebd00000,0x00000007ebedc030,0x00000007ebf00000)
  to   space 2560K, 0% used [0x00000007ebf80000,0x00000007ebf80000,0x00000007ec200000)
 ParOldGen       total 68608K, used 46761K [0x00000007c0000000, 0x00000007c4300000, 0x00000007eab00000)
  object space 68608K, 68% used [0x00000007c0000000,0x00000007c2daa580,0x00000007c4300000)
 Metaspace       used 61121K, committed 62464K, reserved 1114112K
  class space    used 6525K, committed 7104K, reserved 1048576K
}
Event: 18.071 GC heap before
{Heap before GC invocations=43 (full 3):
 PSYoungGen      total 20480K, used 20336K [0x00000007eab00000, 0x00000007ec200000, 0x0000000800000000)
  eden space 18432K, 100% used [0x00000007eab00000,0x00000007ebd00000,0x00000007ebd00000)
  from space 2048K, 92% used [0x00000007ebd00000,0x00000007ebedc030,0x00000007ebf00000)
  to   space 2560K, 0% used [0x00000007ebf80000,0x00000007ebf80000,0x00000007ec200000)
 ParOldGen       total 68608K, used 46764K [0x00000007c0000000, 0x00000007c4300000, 0x00000007eab00000)
  object space 68608K, 68% used [0x00000007c0000000,0x00000007c2dab080,0x00000007c4300000)
 Metaspace       used 61253K, committed 62528K, reserved 1114112K
  class space    used 6539K, committed 7104K, reserved 1048576K
}
Event: 18.075 GC heap after
{Heap after GC invocations=43 (full 3):
 PSYoungGen      total 20480K, used 1584K [0x00000007eab00000, 0x00000007ec180000, 0x0000000800000000)
  eden space 18432K, 0% used [0x00000007eab00000,0x00000007eab00000,0x00000007ebd00000)
  from space 2048K, 77% used [0x00000007ebf80000,0x00000007ec10c030,0x00000007ec180000)
  to   space 2048K, 0% used [0x00000007ebd00000,0x00000007ebd00000,0x00000007ebf00000)
 ParOldGen       total 68608K, used 48565K [0x00000007c0000000, 0x00000007c4300000, 0x00000007eab00000)
  object space 68608K, 70% used [0x00000007c0000000,0x00000007c2f6d530,0x00000007c4300000)
 Metaspace       used 61253K, committed 62528K, reserved 1114112K
  class space    used 6539K, committed 7104K, reserved 1048576K
}
Event: 18.118 GC heap before
{Heap before GC invocations=44 (full 3):
 PSYoungGen      total 20480K, used 20016K [0x00000007eab00000, 0x00000007ec180000, 0x0000000800000000)
  eden space 18432K, 100% used [0x00000007eab00000,0x00000007ebd00000,0x00000007ebd00000)
  from space 2048K, 77% used [0x00000007ebf80000,0x00000007ec10c030,0x00000007ec180000)
  to   space 2048K, 0% used [0x00000007ebd00000,0x00000007ebd00000,0x00000007ebf00000)
 ParOldGen       total 68608K, used 48565K [0x00000007c0000000, 0x00000007c4300000, 0x00000007eab00000)
  object space 68608K, 70% used [0x00000007c0000000,0x00000007c2f6d530,0x00000007c4300000)
 Metaspace       used 61299K, committed 62592K, reserved 1114112K
  class space    used 6541K, committed 7104K, reserved 1048576K
}
Event: 18.122 GC heap after
{Heap after GC invocations=44 (full 3):
 PSYoungGen      total 20480K, used 1683K [0x00000007eab00000, 0x00000007ec100000, 0x0000000800000000)
  eden space 18432K, 0% used [0x00000007eab00000,0x00000007eab00000,0x00000007ebd00000)
  from space 2048K, 82% used [0x00000007ebd00000,0x00000007ebea4f50,0x00000007ebf00000)
  to   space 2048K, 0% used [0x00000007ebf00000,0x00000007ebf00000,0x00000007ec100000)
 ParOldGen       total 68608K, used 50029K [0x00000007c0000000, 0x00000007c4300000, 0x00000007eab00000)
  object space 68608K, 72% used [0x00000007c0000000,0x00000007c30db570,0x00000007c4300000)
 Metaspace       used 61299K, committed 62592K, reserved 1114112K
  class space    used 6541K, committed 7104K, reserved 1048576K
}
Event: 18.184 GC heap before
{Heap before GC invocations=45 (full 3):
 PSYoungGen      total 20480K, used 20115K [0x00000007eab00000, 0x00000007ec100000, 0x0000000800000000)
  eden space 18432K, 100% used [0x00000007eab00000,0x00000007ebd00000,0x00000007ebd00000)
  from space 2048K, 82% used [0x00000007ebd00000,0x00000007ebea4f50,0x00000007ebf00000)
  to   space 2048K, 0% used [0x00000007ebf00000,0x00000007ebf00000,0x00000007ec100000)
 ParOldGen       total 68608K, used 50029K [0x00000007c0000000, 0x00000007c4300000, 0x00000007eab00000)
  object space 68608K, 72% used [0x00000007c0000000,0x00000007c30db570,0x00000007c4300000)
 Metaspace       used 61463K, committed 62720K, reserved 1114112K
  class space    used 6560K, committed 7104K, reserved 1048576K
}
Event: 18.188 GC heap after
{Heap after GC invocations=45 (full 3):
 PSYoungGen      total 20480K, used 1601K [0x00000007eab00000, 0x00000007ec100000, 0x0000000800000000)
  eden space 18432K, 0% used [0x00000007eab00000,0x00000007eab00000,0x00000007ebd00000)
  from space 2048K, 78% used [0x00000007ebf00000,0x00000007ec090408,0x00000007ec100000)
  to   space 2048K, 0% used [0x00000007ebd00000,0x00000007ebd00000,0x00000007ebf00000)
 ParOldGen       total 68608K, used 51561K [0x00000007c0000000, 0x00000007c4300000, 0x00000007eab00000)
  object space 68608K, 75% used [0x00000007c0000000,0x00000007c325a4f0,0x00000007c4300000)
 Metaspace       used 61463K, committed 62720K, reserved 1114112K
  class space    used 6560K, committed 7104K, reserved 1048576K
}
Event: 18.258 GC heap before
{Heap before GC invocations=46 (full 3):
 PSYoungGen      total 20480K, used 20033K [0x00000007eab00000, 0x00000007ec100000, 0x0000000800000000)
  eden space 18432K, 100% used [0x00000007eab00000,0x00000007ebd00000,0x00000007ebd00000)
  from space 2048K, 78% used [0x00000007ebf00000,0x00000007ec090408,0x00000007ec100000)
  to   space 2048K, 0% used [0x00000007ebd00000,0x00000007ebd00000,0x00000007ebf00000)
 ParOldGen       total 68608K, used 51561K [0x00000007c0000000, 0x00000007c4300000, 0x00000007eab00000)
  object space 68608K, 75% used [0x00000007c0000000,0x00000007c325a4f0,0x00000007c4300000)
 Metaspace       used 61602K, committed 62912K, reserved 1114112K
  class space    used 6573K, committed 7168K, reserved 1048576K
}
Event: 18.262 GC heap after
{Heap after GC invocations=46 (full 3):
 PSYoungGen      total 20480K, used 1814K [0x00000007eab00000, 0x00000007ec100000, 0x0000000800000000)
  eden space 18432K, 0% used [0x00000007eab00000,0x00000007eab00000,0x00000007ebd00000)
  from space 2048K, 88% used [0x00000007ebd00000,0x00000007ebec5810,0x00000007ebf00000)
  to   space 2048K, 0% used [0x00000007ebf00000,0x00000007ebf00000,0x00000007ec100000)
 ParOldGen       total 68608K, used 52974K [0x00000007c0000000, 0x00000007c4300000, 0x00000007eab00000)
  object space 68608K, 77% used [0x00000007c0000000,0x00000007c33bb8c0,0x00000007c4300000)
 Metaspace       used 61602K, committed 62912K, reserved 1114112K
  class space    used 6573K, committed 7168K, reserved 1048576K
}
Event: 18.338 GC heap before
{Heap before GC invocations=47 (full 3):
 PSYoungGen      total 20480K, used 20246K [0x00000007eab00000, 0x00000007ec100000, 0x0000000800000000)
  eden space 18432K, 99% used [0x00000007eab00000,0x00000007ebcffff0,0x00000007ebd00000)
  from space 2048K, 88% used [0x00000007ebd00000,0x00000007ebec5810,0x00000007ebf00000)
  to   space 2048K, 0% used [0x00000007ebf00000,0x00000007ebf00000,0x00000007ec100000)
 ParOldGen       total 68608K, used 52974K [0x00000007c0000000, 0x00000007c4300000, 0x00000007eab00000)
  object space 68608K, 77% used [0x00000007c0000000,0x00000007c33bb8c0,0x00000007c4300000)
 Metaspace       used 61876K, committed 63168K, reserved 1114112K
  class space    used 6605K, committed 7168K, reserved 1048576K
}
Event: 18.345 GC heap after
{Heap after GC invocations=47 (full 3):
 PSYoungGen      total 20480K, used 1744K [0x00000007eab00000, 0x00000007ec100000, 0x0000000800000000)
  eden space 18432K, 0% used [0x00000007eab00000,0x00000007eab00000,0x00000007ebd00000)
  from space 2048K, 85% used [0x00000007ebf00000,0x00000007ec0b4010,0x00000007ec100000)
  to   space 2048K, 0% used [0x00000007ebd00000,0x00000007ebd00000,0x00000007ebf00000)
 ParOldGen       total 68608K, used 54276K [0x00000007c0000000, 0x00000007c4300000, 0x00000007eab00000)
  object space 68608K, 79% used [0x00000007c0000000,0x00000007c35010d0,0x00000007c4300000)
 Metaspace       used 61876K, committed 63168K, reserved 1114112K
  class space    used 6605K, committed 7168K, reserved 1048576K
}

